<?xml version="1.0" encoding="UTF-8"?>
<!-- Generated by org.testng.reporters.JUnitReportReporter -->
<testsuite hostname="DESKTOP-BHDNQHC" failures="0" tests="1" name="cucumberOptions.TestNGTestRunner" time="14.396" errors="0" timestamp="2023-01-16T23:58:47 ART" skipped="0">
  <testcase classname="cucumberOptions.TestNGTestRunner" name="runScenario" time="14.396"/>
  <system-out/>
</testsuite> <!-- cucumberOptions.TestNGTestRunner -->
